mode: set
github.com/neoden/mykb/mcp/protocol.go:155.39,157.2 1 1
github.com/neoden/mykb/mcp/server.go:30.40,37.2 3 1
github.com/neoden/mykb/mcp/server.go:40.37,44.6 3 1
github.com/neoden/mykb/mcp/server.go:44.6,46.20 2 1
github.com/neoden/mykb/mcp/server.go:46.20,48.4 1 1
github.com/neoden/mykb/mcp/server.go:49.3,49.17 1 1
github.com/neoden/mykb/mcp/server.go:49.17,51.4 1 0
github.com/neoden/mykb/mcp/server.go:54.3,55.52 2 1
github.com/neoden/mykb/mcp/server.go:55.52,65.12 4 0
github.com/neoden/mykb/mcp/server.go:69.3,70.18 2 1
github.com/neoden/mykb/mcp/server.go:70.18,71.47 1 1
github.com/neoden/mykb/mcp/server.go:71.47,73.5 1 0
github.com/neoden/mykb/mcp/server.go:80.56,84.47 2 1
github.com/neoden/mykb/mcp/server.go:84.47,87.3 2 1
github.com/neoden/mykb/mcp/server.go:89.2,92.20 3 1
github.com/neoden/mykb/mcp/server.go:93.20,94.42 1 1
github.com/neoden/mykb/mcp/server.go:95.14,96.36 1 1
github.com/neoden/mykb/mcp/server.go:97.20,98.31 1 1
github.com/neoden/mykb/mcp/server.go:99.20,100.46 1 1
github.com/neoden/mykb/mcp/server.go:101.10,105.4 1 1
github.com/neoden/mykb/mcp/server.go:108.2,113.3 1 1
github.com/neoden/mykb/mcp/server.go:116.51,117.20 1 1
github.com/neoden/mykb/mcp/server.go:118.35,119.35 1 1
github.com/neoden/mykb/mcp/server.go:120.33,121.34 1 0
github.com/neoden/mykb/mcp/server.go:122.10,123.53 1 0
github.com/neoden/mykb/mcp/server.go:127.77,145.2 1 1
github.com/neoden/mykb/mcp/server.go:147.53,151.2 1 1
github.com/neoden/mykb/mcp/server.go:153.84,155.51 2 1
github.com/neoden/mykb/mcp/server.go:155.51,160.3 1 0
github.com/neoden/mykb/mcp/server.go:162.2,163.9 2 1
github.com/neoden/mykb/mcp/server.go:163.9,168.3 1 1
github.com/neoden/mykb/mcp/server.go:170.2,171.16 2 1
github.com/neoden/mykb/mcp/server.go:171.16,176.3 1 1
github.com/neoden/mykb/mcp/server.go:179.2,180.16 2 1
github.com/neoden/mykb/mcp/server.go:180.16,185.3 1 0
github.com/neoden/mykb/mcp/server.go:187.2,190.8 1 1
github.com/neoden/mykb/mcp/tools.go:164.34,172.2 7 1
github.com/neoden/mykb/mcp/tools.go:176.76,181.54 2 1
github.com/neoden/mykb/mcp/tools.go:181.54,183.3 1 0
github.com/neoden/mykb/mcp/tools.go:184.2,184.26 1 1
github.com/neoden/mykb/mcp/tools.go:184.26,186.3 1 1
github.com/neoden/mykb/mcp/tools.go:188.2,189.16 2 1
github.com/neoden/mykb/mcp/tools.go:189.16,191.3 1 0
github.com/neoden/mykb/mcp/tools.go:192.2,192.19 1 1
github.com/neoden/mykb/mcp/tools.go:195.78,200.54 2 1
github.com/neoden/mykb/mcp/tools.go:200.54,202.3 1 0
github.com/neoden/mykb/mcp/tools.go:203.2,203.24 1 1
github.com/neoden/mykb/mcp/tools.go:203.24,205.3 1 0
github.com/neoden/mykb/mcp/tools.go:207.2,208.16 2 1
github.com/neoden/mykb/mcp/tools.go:208.16,210.3 1 0
github.com/neoden/mykb/mcp/tools.go:211.2,211.20 1 1
github.com/neoden/mykb/mcp/tools.go:211.20,213.3 1 0
github.com/neoden/mykb/mcp/tools.go:215.2,219.8 1 1
github.com/neoden/mykb/mcp/tools.go:222.74,226.54 2 1
github.com/neoden/mykb/mcp/tools.go:226.54,228.3 1 0
github.com/neoden/mykb/mcp/tools.go:229.2,229.26 1 1
github.com/neoden/mykb/mcp/tools.go:229.26,231.3 1 0
github.com/neoden/mykb/mcp/tools.go:233.2,234.16 2 1
github.com/neoden/mykb/mcp/tools.go:234.16,236.3 1 0
github.com/neoden/mykb/mcp/tools.go:237.2,237.19 1 1
github.com/neoden/mykb/mcp/tools.go:240.77,246.54 2 1
github.com/neoden/mykb/mcp/tools.go:246.54,248.3 1 0
github.com/neoden/mykb/mcp/tools.go:249.2,249.26 1 1
github.com/neoden/mykb/mcp/tools.go:249.26,251.3 1 0
github.com/neoden/mykb/mcp/tools.go:253.2,254.16 2 1
github.com/neoden/mykb/mcp/tools.go:254.16,256.3 1 0
github.com/neoden/mykb/mcp/tools.go:257.2,257.19 1 1
github.com/neoden/mykb/mcp/tools.go:260.77,264.54 2 1
github.com/neoden/mykb/mcp/tools.go:264.54,266.3 1 0
github.com/neoden/mykb/mcp/tools.go:267.2,267.26 1 1
github.com/neoden/mykb/mcp/tools.go:267.26,269.3 1 0
github.com/neoden/mykb/mcp/tools.go:271.2,272.16 2 1
github.com/neoden/mykb/mcp/tools.go:272.16,274.3 1 0
github.com/neoden/mykb/mcp/tools.go:275.2,275.21 1 1
github.com/neoden/mykb/mcp/tools.go:278.82,285.16 4 1
github.com/neoden/mykb/mcp/tools.go:285.16,287.3 1 0
github.com/neoden/mykb/mcp/tools.go:288.2,288.20 1 1
github.com/neoden/mykb/mcp/tools.go:291.83,296.54 2 1
github.com/neoden/mykb/mcp/tools.go:296.54,298.3 1 0
github.com/neoden/mykb/mcp/tools.go:299.2,299.22 1 1
github.com/neoden/mykb/mcp/tools.go:299.22,301.3 1 0
github.com/neoden/mykb/mcp/tools.go:303.2,304.16 2 1
github.com/neoden/mykb/mcp/tools.go:304.16,306.3 1 0
github.com/neoden/mykb/mcp/tools.go:307.2,307.20 1 1
github.com/neoden/mykb/storage/chunks.go:31.85,36.23 4 1
github.com/neoden/mykb/storage/chunks.go:36.23,39.3 2 1
github.com/neoden/mykb/storage/chunks.go:41.2,45.16 2 1
github.com/neoden/mykb/storage/chunks.go:45.16,47.3 1 0
github.com/neoden/mykb/storage/chunks.go:49.2,55.8 1 1
github.com/neoden/mykb/storage/chunks.go:59.51,68.26 4 1
github.com/neoden/mykb/storage/chunks.go:68.26,70.3 1 1
github.com/neoden/mykb/storage/chunks.go:71.2,71.16 1 1
github.com/neoden/mykb/storage/chunks.go:71.16,73.3 1 0
github.com/neoden/mykb/storage/chunks.go:75.2,75.19 1 1
github.com/neoden/mykb/storage/chunks.go:75.19,77.3 1 1
github.com/neoden/mykb/storage/chunks.go:79.2,79.20 1 1
github.com/neoden/mykb/storage/chunks.go:83.97,85.16 2 1
github.com/neoden/mykb/storage/chunks.go:85.16,87.3 1 0
github.com/neoden/mykb/storage/chunks.go:88.2,88.21 1 1
github.com/neoden/mykb/storage/chunks.go:88.21,90.3 1 1
github.com/neoden/mykb/storage/chunks.go:92.2,95.20 3 1
github.com/neoden/mykb/storage/chunks.go:95.20,97.3 1 1
github.com/neoden/mykb/storage/chunks.go:99.2,100.21 2 1
github.com/neoden/mykb/storage/chunks.go:100.21,102.3 1 1
github.com/neoden/mykb/storage/chunks.go:104.2,105.22 2 1
github.com/neoden/mykb/storage/chunks.go:105.22,108.3 2 1
github.com/neoden/mykb/storage/chunks.go:110.2,114.16 2 1
github.com/neoden/mykb/storage/chunks.go:114.16,116.3 1 0
github.com/neoden/mykb/storage/chunks.go:118.2,124.8 1 1
github.com/neoden/mykb/storage/chunks.go:128.52,130.16 2 1
github.com/neoden/mykb/storage/chunks.go:130.16,132.3 1 0
github.com/neoden/mykb/storage/chunks.go:134.2,135.16 2 1
github.com/neoden/mykb/storage/chunks.go:135.16,137.3 1 0
github.com/neoden/mykb/storage/chunks.go:139.2,139.22 1 1
github.com/neoden/mykb/storage/chunks.go:143.77,144.16 1 1
github.com/neoden/mykb/storage/chunks.go:144.16,146.3 1 0
github.com/neoden/mykb/storage/chunks.go:149.2,165.16 3 1
github.com/neoden/mykb/storage/chunks.go:165.16,167.3 1 0
github.com/neoden/mykb/storage/chunks.go:168.2,171.18 3 1
github.com/neoden/mykb/storage/chunks.go:171.18,175.76 3 1
github.com/neoden/mykb/storage/chunks.go:175.76,177.4 1 0
github.com/neoden/mykb/storage/chunks.go:179.3,179.20 1 1
github.com/neoden/mykb/storage/chunks.go:179.20,181.4 1 1
github.com/neoden/mykb/storage/chunks.go:183.3,183.31 1 1
github.com/neoden/mykb/storage/chunks.go:186.2,186.28 1 1
github.com/neoden/mykb/storage/chunks.go:190.43,193.27 3 1
github.com/neoden/mykb/storage/chunks.go:193.27,196.3 1 1
github.com/neoden/mykb/storage/chunks.go:197.2,197.35 1 1
github.com/neoden/mykb/storage/chunks.go:201.74,202.15 1 1
github.com/neoden/mykb/storage/chunks.go:202.15,204.3 1 0
github.com/neoden/mykb/storage/chunks.go:207.2,208.85 2 1
github.com/neoden/mykb/storage/chunks.go:208.85,210.3 1 0
github.com/neoden/mykb/storage/chunks.go:213.2,230.16 2 1
github.com/neoden/mykb/storage/chunks.go:230.16,232.3 1 0
github.com/neoden/mykb/storage/chunks.go:233.2,236.18 3 1
github.com/neoden/mykb/storage/chunks.go:236.18,239.55 3 1
github.com/neoden/mykb/storage/chunks.go:239.55,241.4 1 0
github.com/neoden/mykb/storage/chunks.go:243.3,243.30 1 1
github.com/neoden/mykb/storage/chunks.go:243.30,245.4 1 1
github.com/neoden/mykb/storage/chunks.go:246.3,246.28 1 1
github.com/neoden/mykb/storage/chunks.go:246.28,248.4 1 1
github.com/neoden/mykb/storage/chunks.go:251.2,254.15 1 1
github.com/neoden/mykb/storage/chunks.go:258.87,259.15 1 1
github.com/neoden/mykb/storage/chunks.go:259.15,261.3 1 0
github.com/neoden/mykb/storage/chunks.go:263.2,281.16 2 1
github.com/neoden/mykb/storage/chunks.go:281.16,283.3 1 0
github.com/neoden/mykb/storage/chunks.go:284.2,287.18 3 1
github.com/neoden/mykb/storage/chunks.go:287.18,290.49 3 1
github.com/neoden/mykb/storage/chunks.go:290.49,292.4 1 0
github.com/neoden/mykb/storage/chunks.go:293.3,293.22 1 1
github.com/neoden/mykb/storage/chunks.go:296.2,299.15 1 1
github.com/neoden/mykb/storage/clients.go:19.86,21.16 2 1
github.com/neoden/mykb/storage/clients.go:21.16,23.3 1 0
github.com/neoden/mykb/storage/clients.go:25.2,29.12 2 1
github.com/neoden/mykb/storage/clients.go:33.64,42.26 4 1
github.com/neoden/mykb/storage/clients.go:42.26,44.3 1 1
github.com/neoden/mykb/storage/clients.go:45.2,45.16 1 1
github.com/neoden/mykb/storage/clients.go:45.16,47.3 1 0
github.com/neoden/mykb/storage/clients.go:49.2,49.74 1 1
github.com/neoden/mykb/storage/clients.go:49.74,51.3 1 0
github.com/neoden/mykb/storage/clients.go:53.2,53.16 1 1
github.com/neoden/mykb/storage/clients.go:57.50,63.2 2 1
github.com/neoden/mykb/storage/clients.go:66.42,70.2 3 1
github.com/neoden/mykb/storage/db.go:18.37,20.62 1 1
github.com/neoden/mykb/storage/db.go:20.62,22.3 1 0
github.com/neoden/mykb/storage/db.go:24.2,25.16 2 1
github.com/neoden/mykb/storage/db.go:25.16,27.3 1 0
github.com/neoden/mykb/storage/db.go:30.2,30.36 1 1
github.com/neoden/mykb/storage/db.go:30.36,33.3 2 0
github.com/neoden/mykb/storage/db.go:35.2,35.29 1 1
github.com/neoden/mykb/storage/db.go:39.29,41.2 1 1
github.com/neoden/mykb/storage/db.go:44.31,46.48 1 1
github.com/neoden/mykb/storage/db.go:46.48,48.3 1 0
github.com/neoden/mykb/storage/db.go:51.2,51.31 1 1
github.com/neoden/mykb/storage/db.go:51.31,53.17 2 1
github.com/neoden/mykb/storage/db.go:53.17,55.4 1 0
github.com/neoden/mykb/storage/db.go:56.3,56.14 1 1
github.com/neoden/mykb/storage/db.go:56.14,57.12 1 0
github.com/neoden/mykb/storage/db.go:60.3,60.48 1 1
github.com/neoden/mykb/storage/db.go:60.48,62.4 1 0
github.com/neoden/mykb/storage/db.go:63.3,63.89 1 1
github.com/neoden/mykb/storage/db.go:63.89,65.4 1 0
github.com/neoden/mykb/storage/db.go:68.2,68.12 1 1
github.com/neoden/mykb/storage/db.go:71.59,74.16 3 1
github.com/neoden/mykb/storage/db.go:74.16,76.3 1 0
github.com/neoden/mykb/storage/db.go:77.2,77.23 1 1
github.com/neoden/mykb/storage/settings.go:11.54,14.26 3 1
github.com/neoden/mykb/storage/settings.go:14.26,16.3 1 1
github.com/neoden/mykb/storage/settings.go:17.2,17.19 1 1
github.com/neoden/mykb/storage/settings.go:21.51,27.2 2 1
github.com/neoden/mykb/storage/settings.go:30.49,32.2 1 1
github.com/neoden/mykb/storage/settings.go:35.50,37.2 1 1
github.com/neoden/mykb/storage/tokens.go:26.37,29.2 2 1
github.com/neoden/mykb/storage/tokens.go:33.94,42.2 3 1
github.com/neoden/mykb/storage/tokens.go:45.73,52.16 3 1
github.com/neoden/mykb/storage/tokens.go:52.16,54.3 1 1
github.com/neoden/mykb/storage/tokens.go:55.2,55.16 1 1
github.com/neoden/mykb/storage/tokens.go:59.46,62.2 2 1
github.com/neoden/mykb/main.go:22.13,32.20 7 0
github.com/neoden/mykb/main.go:32.20,35.3 2 0
github.com/neoden/mykb/main.go:37.2,37.17 1 0
github.com/neoden/mykb/main.go:38.15,39.20 1 0
github.com/neoden/mykb/main.go:39.20,42.4 2 0
github.com/neoden/mykb/main.go:43.3,43.18 1 0
github.com/neoden/mykb/main.go:44.16,45.24 1 0
github.com/neoden/mykb/main.go:46.15,47.23 1 0
github.com/neoden/mykb/main.go:48.11,50.14 2 0
github.com/neoden/mykb/main.go:52.22,53.16 1 0
github.com/neoden/mykb/main.go:54.10,57.13 3 0
github.com/neoden/mykb/main.go:61.14,78.2 1 0
github.com/neoden/mykb/main.go:80.32,85.44 4 0
github.com/neoden/mykb/main.go:85.44,88.3 2 0
github.com/neoden/mykb/main.go:91.31,101.48 7 0
github.com/neoden/mykb/main.go:101.48,104.3 2 0
github.com/neoden/mykb/main.go:106.2,110.19 4 0
github.com/neoden/mykb/main.go:110.19,112.3 1 0
github.com/neoden/mykb/main.go:112.8,116.21 3 0
github.com/neoden/mykb/main.go:116.21,118.4 1 0
github.com/neoden/mykb/main.go:119.3,119.36 1 0
github.com/neoden/mykb/main.go:122.2,123.48 2 0
github.com/neoden/mykb/main.go:123.48,126.3 2 0
github.com/neoden/mykb/main.go:129.36,130.34 1 0
github.com/neoden/mykb/main.go:130.34,132.3 1 0
github.com/neoden/mykb/main.go:133.2,133.12 1 0
github.com/neoden/mykb/main.go:136.20,144.16 6 0
github.com/neoden/mykb/main.go:144.16,147.3 2 0
github.com/neoden/mykb/main.go:150.2,153.16 4 0
github.com/neoden/mykb/main.go:153.16,156.3 2 0
github.com/neoden/mykb/main.go:159.2,159.44 1 0
github.com/neoden/mykb/main.go:159.44,162.3 2 0
github.com/neoden/mykb/main.go:164.2,164.25 1 0
github.com/neoden/mykb/main.go:164.25,167.3 2 0
github.com/neoden/mykb/main.go:170.2,171.16 2 0
github.com/neoden/mykb/main.go:171.16,174.3 2 0
github.com/neoden/mykb/main.go:176.2,176.57 1 0
github.com/neoden/mykb/main.go:176.57,179.3 2 0
github.com/neoden/mykb/main.go:181.2,181.34 1 0
github.com/neoden/mykb/main.go:184.41,185.51 1 0
github.com/neoden/mykb/main.go:185.51,187.3 1 0
github.com/neoden/mykb/main.go:189.2,191.16 3 0
github.com/neoden/mykb/main.go:191.16,193.3 1 0
github.com/neoden/mykb/main.go:195.2,195.37 1 0
github.com/neoden/mykb/main.go:195.37,197.3 1 0
github.com/neoden/mykb/main.go:199.2,200.11 2 0
github.com/neoden/mykb/main.go:203.30,204.46 1 0
github.com/neoden/mykb/main.go:204.46,206.3 1 0
github.com/neoden/mykb/main.go:207.2,208.55 2 0
github.com/neoden/mykb/httpd/mcp.go:11.68,14.16 2 1
github.com/neoden/mykb/httpd/mcp.go:14.16,17.3 2 0
github.com/neoden/mykb/httpd/mcp.go:20.2,21.51 2 1
github.com/neoden/mykb/httpd/mcp.go:21.51,30.3 2 1
github.com/neoden/mykb/httpd/mcp.go:33.2,34.17 2 1
github.com/neoden/mykb/httpd/mcp.go:34.17,38.3 2 0
github.com/neoden/mykb/httpd/mcp.go:40.2,40.35 1 1
github.com/neoden/mykb/httpd/oauth.go:50.78,60.2 1 1
github.com/neoden/mykb/httpd/oauth.go:62.90,67.2 1 1
github.com/neoden/mykb/httpd/oauth.go:69.73,71.61 2 1
github.com/neoden/mykb/httpd/oauth.go:71.61,74.3 2 0
github.com/neoden/mykb/httpd/oauth.go:76.2,76.32 1 1
github.com/neoden/mykb/httpd/oauth.go:76.32,79.3 2 1
github.com/neoden/mykb/httpd/oauth.go:82.2,85.86 3 1
github.com/neoden/mykb/httpd/oauth.go:85.86,88.3 2 0
github.com/neoden/mykb/httpd/oauth.go:90.2,94.4 1 1
github.com/neoden/mykb/httpd/oauth.go:97.77,108.16 9 1
github.com/neoden/mykb/httpd/oauth.go:108.16,111.3 2 1
github.com/neoden/mykb/httpd/oauth.go:114.2,115.42 2 1
github.com/neoden/mykb/httpd/oauth.go:115.42,116.25 1 1
github.com/neoden/mykb/httpd/oauth.go:116.25,118.9 2 1
github.com/neoden/mykb/httpd/oauth.go:121.2,121.20 1 1
github.com/neoden/mykb/httpd/oauth.go:121.20,124.3 2 1
github.com/neoden/mykb/httpd/oauth.go:126.2,126.28 1 1
github.com/neoden/mykb/httpd/oauth.go:126.28,129.3 2 1
github.com/neoden/mykb/httpd/oauth.go:131.2,131.31 1 1
github.com/neoden/mykb/httpd/oauth.go:131.31,133.3 1 0
github.com/neoden/mykb/httpd/oauth.go:134.2,134.35 1 1
github.com/neoden/mykb/httpd/oauth.go:134.35,137.3 2 0
github.com/neoden/mykb/httpd/oauth.go:140.2,152.3 4 1
github.com/neoden/mykb/httpd/oauth.go:155.78,156.38 1 1
github.com/neoden/mykb/httpd/oauth.go:156.38,159.3 2 0
github.com/neoden/mykb/httpd/oauth.go:161.2,170.39 8 1
github.com/neoden/mykb/httpd/oauth.go:170.39,173.3 2 1
github.com/neoden/mykb/httpd/oauth.go:174.2,178.16 3 1
github.com/neoden/mykb/httpd/oauth.go:178.16,181.3 2 0
github.com/neoden/mykb/httpd/oauth.go:183.2,183.92 1 1
github.com/neoden/mykb/httpd/oauth.go:183.92,186.3 2 1
github.com/neoden/mykb/httpd/oauth.go:189.2,201.17 6 1
github.com/neoden/mykb/httpd/oauth.go:201.17,203.3 1 1
github.com/neoden/mykb/httpd/oauth.go:204.2,206.61 2 1
github.com/neoden/mykb/httpd/oauth.go:209.70,210.38 1 1
github.com/neoden/mykb/httpd/oauth.go:210.38,213.3 2 0
github.com/neoden/mykb/httpd/oauth.go:215.2,217.19 2 1
github.com/neoden/mykb/httpd/oauth.go:218.28,219.30 1 1
github.com/neoden/mykb/httpd/oauth.go:220.23,221.29 1 1
github.com/neoden/mykb/httpd/oauth.go:222.10,223.65 1 1
github.com/neoden/mykb/httpd/oauth.go:227.78,233.77 5 1
github.com/neoden/mykb/httpd/oauth.go:233.77,236.3 2 1
github.com/neoden/mykb/httpd/oauth.go:239.2,240.9 2 1
github.com/neoden/mykb/httpd/oauth.go:240.9,243.3 2 1
github.com/neoden/mykb/httpd/oauth.go:246.2,246.39 1 1
github.com/neoden/mykb/httpd/oauth.go:246.39,249.3 2 1
github.com/neoden/mykb/httpd/oauth.go:250.2,250.45 1 1
github.com/neoden/mykb/httpd/oauth.go:250.45,253.3 2 1
github.com/neoden/mykb/httpd/oauth.go:256.2,257.100 2 1
github.com/neoden/mykb/httpd/oauth.go:257.100,260.3 2 1
github.com/neoden/mykb/httpd/oauth.go:263.2,271.117 6 1
github.com/neoden/mykb/httpd/oauth.go:271.117,274.3 2 0
github.com/neoden/mykb/httpd/oauth.go:275.2,275.120 1 1
github.com/neoden/mykb/httpd/oauth.go:275.120,278.3 2 0
github.com/neoden/mykb/httpd/oauth.go:281.2,288.4 2 1
github.com/neoden/mykb/httpd/oauth.go:291.77,293.24 2 1
github.com/neoden/mykb/httpd/oauth.go:293.24,296.3 2 1
github.com/neoden/mykb/httpd/oauth.go:299.2,301.16 3 1
github.com/neoden/mykb/httpd/oauth.go:301.16,304.3 2 1
github.com/neoden/mykb/httpd/oauth.go:307.2,317.126 7 1
github.com/neoden/mykb/httpd/oauth.go:317.126,320.3 2 0
github.com/neoden/mykb/httpd/oauth.go:321.2,321.129 1 1
github.com/neoden/mykb/httpd/oauth.go:321.129,324.3 2 0
github.com/neoden/mykb/httpd/oauth.go:327.2,334.4 2 1
github.com/neoden/mykb/httpd/server.go:30.30,37.2 1 1
github.com/neoden/mykb/httpd/server.go:50.56,61.2 3 1
github.com/neoden/mykb/httpd/server.go:63.35,81.2 10 1
github.com/neoden/mykb/httpd/server.go:84.41,85.27 1 0
github.com/neoden/mykb/httpd/server.go:85.27,87.3 1 0
github.com/neoden/mykb/httpd/server.go:88.2,90.52 3 0
github.com/neoden/mykb/httpd/server.go:93.44,111.12 3 0
github.com/neoden/mykb/httpd/server.go:111.12,113.90 2 0
github.com/neoden/mykb/httpd/server.go:113.90,115.28 2 0
github.com/neoden/mykb/httpd/server.go:115.28,117.5 1 0
github.com/neoden/mykb/httpd/server.go:118.4,118.60 1 0
github.com/neoden/mykb/httpd/server.go:120.3,120.55 1 0
github.com/neoden/mykb/httpd/server.go:120.55,122.4 1 0
github.com/neoden/mykb/httpd/server.go:125.2,128.41 4 0
github.com/neoden/mykb/httpd/server.go:132.54,134.2 1 0
github.com/neoden/mykb/httpd/server.go:136.71,138.2 1 1
github.com/neoden/mykb/httpd/server.go:141.70,142.54 1 1
github.com/neoden/mykb/httpd/server.go:142.54,144.42 2 1
github.com/neoden/mykb/httpd/server.go:144.42,148.4 3 1
github.com/neoden/mykb/httpd/server.go:150.3,154.17 4 1
github.com/neoden/mykb/httpd/server.go:154.17,158.4 3 1
github.com/neoden/mykb/httpd/server.go:160.3,160.13 1 1
github.com/neoden/mykb/httpd/server.go:164.66,168.2 3 1
github.com/neoden/mykb/httpd/server.go:170.64,172.2 1 1
github.com/neoden/mykb/httpd/tokens.go:24.46,28.2 1 1
github.com/neoden/mykb/httpd/tokens.go:31.29,35.2 3 1
github.com/neoden/mykb/httpd/tokens.go:38.37,41.2 2 1
github.com/neoden/mykb/httpd/tokens.go:44.39,47.2 2 1
github.com/neoden/mykb/httpd/tokens.go:50.91,56.29 4 1
github.com/neoden/mykb/httpd/tokens.go:56.29,57.30 1 1
github.com/neoden/mykb/httpd/tokens.go:57.30,59.4 1 1
github.com/neoden/mykb/httpd/tokens.go:62.2,66.3 2 1
github.com/neoden/mykb/httpd/tokens.go:70.72,76.9 5 1
github.com/neoden/mykb/httpd/tokens.go:76.9,78.3 1 1
github.com/neoden/mykb/httpd/tokens.go:80.2,82.36 2 1
github.com/neoden/mykb/httpd/tokens.go:82.36,84.3 1 1
github.com/neoden/mykb/httpd/tokens.go:86.2,86.21 1 1
github.com/neoden/mykb/httpd/tokens.go:90.56,96.9 5 1
github.com/neoden/mykb/httpd/tokens.go:96.9,98.3 1 1
github.com/neoden/mykb/httpd/tokens.go:100.2,100.38 1 1
